<?xml version="1.0" encoding="UTF-8"?>
<!-- Generated by org.testng.reporters.JUnitReportReporter -->
<testsuite hostname="INLPF3L84Z0" failures="0" tests="1" name="testClasses.Test2" time="0.000" errors="0" timestamp="2023-08-15T16:12:49 IST" skipped="0">
  <testcase classname="testClasses.Test2" name="test1" time="0.000"/>
  <system-out/>
</testsuite> <!-- testClasses.Test2 -->
